[INFO] Scanning for projects...
[ERROR] [ERROR] Some problems were encountered while processing the POMs:
[FATAL] Non-parseable POM /home/student/primer/exercises/maven-project/pom.xml: only whitespace content allowed before start tag and not ? (position: START_DOCUMENT seen ?... @1:2)  @ line 1, column 2
 @ 
[ERROR] The build could not read 1 project -> [Help 1]
[ERROR]   
[ERROR]   The project  (/home/student/primer/exercises/maven-project/pom.xml) has 1 error
[ERROR]     Non-parseable POM /home/student/primer/exercises/maven-project/pom.xml: only whitespace content allowed before start tag and not ? (position: START_DOCUMENT seen ?... @1:2)  @ line 1, column 2 -> [Help 2]
[ERROR] 
[ERROR] To see the full stack trace of the errors, re-run Maven with the -e switch.
[ERROR] Re-run Maven using the -X switch to enable full debug logging.
[ERROR] 
[ERROR] For more information about the errors and possible solutions, please read the following articles:
[ERROR] [Help 1] http://cwiki.apache.org/confluence/display/MAVEN/ProjectBuildingException
[ERROR] [Help 2] http://cwiki.apache.org/confluence/display/MAVEN/ModelParseException
[INFO] Scanning for projects...
[ERROR] [ERROR] Some problems were encountered while processing the POMs:
[FATAL] Non-parseable POM /home/student/primer/exercises/maven-project/pom.xml: only whitespace content allowed before start tag and not ? (position: START_DOCUMENT seen ?... @1:2)  @ line 1, column 2
 @ 
[ERROR] The build could not read 1 project -> [Help 1]
[ERROR]   
[ERROR]   The project  (/home/student/primer/exercises/maven-project/pom.xml) has 1 error
[ERROR]     Non-parseable POM /home/student/primer/exercises/maven-project/pom.xml: only whitespace content allowed before start tag and not ? (position: START_DOCUMENT seen ?... @1:2)  @ line 1, column 2 -> [Help 2]
[ERROR] 
[ERROR] To see the full stack trace of the errors, re-run Maven with the -e switch.
[ERROR] Re-run Maven using the -X switch to enable full debug logging.
[ERROR] 
[ERROR] For more information about the errors and possible solutions, please read the following articles:
[ERROR] [Help 1] http://cwiki.apache.org/confluence/display/MAVEN/ProjectBuildingException
[ERROR] [Help 2] http://cwiki.apache.org/confluence/display/MAVEN/ModelParseException
[INFO] Scanning for projects...
[ERROR] [ERROR] Some problems were encountered while processing the POMs:
[FATAL] Non-parseable POM /home/student/primer/exercises/maven-project/pom.xml: only whitespace content allowed before start tag and not ? (position: START_DOCUMENT seen ?... @1:2)  @ line 1, column 2
 @ 
[ERROR] The build could not read 1 project -> [Help 1]
[ERROR]   
[ERROR]   The project  (/home/student/primer/exercises/maven-project/pom.xml) has 1 error
[ERROR]     Non-parseable POM /home/student/primer/exercises/maven-project/pom.xml: only whitespace content allowed before start tag and not ? (position: START_DOCUMENT seen ?... @1:2)  @ line 1, column 2 -> [Help 2]
[ERROR] 
[ERROR] To see the full stack trace of the errors, re-run Maven with the -e switch.
[ERROR] Re-run Maven using the -X switch to enable full debug logging.
[ERROR] 
[ERROR] For more information about the errors and possible solutions, please read the following articles:
[ERROR] [Help 1] http://cwiki.apache.org/confluence/display/MAVEN/ProjectBuildingException
[ERROR] [Help 2] http://cwiki.apache.org/confluence/display/MAVEN/ModelParseException
[INFO] Scanning for projects...
[ERROR] [ERROR] Some problems were encountered while processing the POMs:
[FATAL] Non-parseable POM /home/student/primer/exercises/maven-project/pom.xml: only whitespace content allowed before start tag and not ? (position: START_DOCUMENT seen ?... @1:2)  @ line 1, column 2
 @ 
[ERROR] The build could not read 1 project -> [Help 1]
[ERROR]   
[ERROR]   The project  (/home/student/primer/exercises/maven-project/pom.xml) has 1 error
[ERROR]     Non-parseable POM /home/student/primer/exercises/maven-project/pom.xml: only whitespace content allowed before start tag and not ? (position: START_DOCUMENT seen ?... @1:2)  @ line 1, column 2 -> [Help 2]
[ERROR] 
[ERROR] To see the full stack trace of the errors, re-run Maven with the -e switch.
[ERROR] Re-run Maven using the -X switch to enable full debug logging.
[ERROR] 
[ERROR] For more information about the errors and possible solutions, please read the following articles:
[ERROR] [Help 1] http://cwiki.apache.org/confluence/display/MAVEN/ProjectBuildingException
[ERROR] [Help 2] http://cwiki.apache.org/confluence/display/MAVEN/ModelParseException
[INFO] Scanning for projects...
[ERROR] [ERROR] Some problems were encountered while processing the POMs:
[FATAL] Non-parseable POM /home/student/primer/exercises/maven-project/pom.xml: only whitespace content allowed before start tag and not ? (position: START_DOCUMENT seen ?... @1:2)  @ line 1, column 2
 @ 
[ERROR] The build could not read 1 project -> [Help 1]
[ERROR]   
[ERROR]   The project  (/home/student/primer/exercises/maven-project/pom.xml) has 1 error
[ERROR]     Non-parseable POM /home/student/primer/exercises/maven-project/pom.xml: only whitespace content allowed before start tag and not ? (position: START_DOCUMENT seen ?... @1:2)  @ line 1, column 2 -> [Help 2]
[ERROR] 
[ERROR] To see the full stack trace of the errors, re-run Maven with the -e switch.
[ERROR] Re-run Maven using the -X switch to enable full debug logging.
[ERROR] 
[ERROR] For more information about the errors and possible solutions, please read the following articles:
[ERROR] [Help 1] http://cwiki.apache.org/confluence/display/MAVEN/ProjectBuildingException
[ERROR] [Help 2] http://cwiki.apache.org/confluence/display/MAVEN/ModelParseException
[INFO] Scanning for projects...
[ERROR] [ERROR] Some problems were encountered while processing the POMs:
[FATAL] Non-parseable POM /home/student/primer/exercises/maven-project/pom.xml: Unrecognised tag: 'groupId' (position: START_TAG seen ...<!-- TODO #1: Add commons-lang3 here  -->\n        <groupId>... @19:18)  @ line 19, column 18
 @ 
[ERROR] The build could not read 1 project -> [Help 1]
[ERROR]   
[ERROR]   The project  (/home/student/primer/exercises/maven-project/pom.xml) has 1 error
[ERROR]     Non-parseable POM /home/student/primer/exercises/maven-project/pom.xml: Unrecognised tag: 'groupId' (position: START_TAG seen ...<!-- TODO #1: Add commons-lang3 here  -->\n        <groupId>... @19:18)  @ line 19, column 18 -> [Help 2]
[ERROR] 
[ERROR] To see the full stack trace of the errors, re-run Maven with the -e switch.
[ERROR] Re-run Maven using the -X switch to enable full debug logging.
[ERROR] 
[ERROR] For more information about the errors and possible solutions, please read the following articles:
[ERROR] [Help 1] http://cwiki.apache.org/confluence/display/MAVEN/ProjectBuildingException
[ERROR] [Help 2] http://cwiki.apache.org/confluence/display/MAVEN/ModelParseException
[INFO] Scanning for projects...
[ERROR] [ERROR] Some problems were encountered while processing the POMs:
[FATAL] Non-parseable POM /home/student/primer/exercises/maven-project/pom.xml: Unrecognised tag: 'groupId' (position: START_TAG seen ...<!-- TODO #1: Add commons-lang3 here  -->\n        <groupId>... @19:18)  @ line 19, column 18
 @ 
[ERROR] The build could not read 1 project -> [Help 1]
[ERROR]   
[ERROR]   The project  (/home/student/primer/exercises/maven-project/pom.xml) has 1 error
[ERROR]     Non-parseable POM /home/student/primer/exercises/maven-project/pom.xml: Unrecognised tag: 'groupId' (position: START_TAG seen ...<!-- TODO #1: Add commons-lang3 here  -->\n        <groupId>... @19:18)  @ line 19, column 18 -> [Help 2]
[ERROR] 
[ERROR] To see the full stack trace of the errors, re-run Maven with the -e switch.
[ERROR] Re-run Maven using the -X switch to enable full debug logging.
[ERROR] 
[ERROR] For more information about the errors and possible solutions, please read the following articles:
[ERROR] [Help 1] http://cwiki.apache.org/confluence/display/MAVEN/ProjectBuildingException
[ERROR] [Help 2] http://cwiki.apache.org/confluence/display/MAVEN/ModelParseException
[INFO] Scanning for projects...
[ERROR] [ERROR] Some problems were encountered while processing the POMs:
[FATAL] Non-parseable POM /home/student/primer/exercises/maven-project/pom.xml: Unrecognised tag: 'groupId' (position: START_TAG seen ...<!-- TODO #1: Add commons-lang3 here  -->\n        <groupId>... @19:18)  @ line 19, column 18
 @ 
[ERROR] The build could not read 1 project -> [Help 1]
[ERROR]   
[ERROR]   The project  (/home/student/primer/exercises/maven-project/pom.xml) has 1 error
[ERROR]     Non-parseable POM /home/student/primer/exercises/maven-project/pom.xml: Unrecognised tag: 'groupId' (position: START_TAG seen ...<!-- TODO #1: Add commons-lang3 here  -->\n        <groupId>... @19:18)  @ line 19, column 18 -> [Help 2]
[ERROR] 
[ERROR] To see the full stack trace of the errors, re-run Maven with the -e switch.
[ERROR] Re-run Maven using the -X switch to enable full debug logging.
[ERROR] 
[ERROR] For more information about the errors and possible solutions, please read the following articles:
[ERROR] [Help 1] http://cwiki.apache.org/confluence/display/MAVEN/ProjectBuildingException
[ERROR] [Help 2] http://cwiki.apache.org/confluence/display/MAVEN/ModelParseException
[INFO] Scanning for projects...
[ERROR] [ERROR] Some problems were encountered while processing the POMs:
[FATAL] Non-parseable POM /home/student/primer/exercises/maven-project/pom.xml: Unrecognised tag: 'groupId' (position: START_TAG seen ...<!-- TODO #1: Add commons-lang3 here  -->\n        <groupId>... @19:18)  @ line 19, column 18
 @ 
[ERROR] The build could not read 1 project -> [Help 1]
[ERROR]   
[ERROR]   The project  (/home/student/primer/exercises/maven-project/pom.xml) has 1 error
[ERROR]     Non-parseable POM /home/student/primer/exercises/maven-project/pom.xml: Unrecognised tag: 'groupId' (position: START_TAG seen ...<!-- TODO #1: Add commons-lang3 here  -->\n        <groupId>... @19:18)  @ line 19, column 18 -> [Help 2]
[ERROR] 
[ERROR] To see the full stack trace of the errors, re-run Maven with the -e switch.
[ERROR] Re-run Maven using the -X switch to enable full debug logging.
[ERROR] 
[ERROR] For more information about the errors and possible solutions, please read the following articles:
[ERROR] [Help 1] http://cwiki.apache.org/confluence/display/MAVEN/ProjectBuildingException
[ERROR] [Help 2] http://cwiki.apache.org/confluence/display/MAVEN/ModelParseException
[INFO] Scanning for projects...
[INFO] 
[INFO] --------------------< edu.touro.mcon152:maven-demo >--------------------
[INFO] Building maven-demo 1.0-SNAPSHOT
[INFO]   from pom.xml
[INFO] --------------------------------[ jar ]---------------------------------
Downloading from central: https://repo.maven.apache.org/maven2/org/apache/maven/plugins/maven-clean-plugin/3.2.0/maven-clean-plugin-3.2.0.pom
Progress (1): 773 BProgress (1): 1.7 kBProgress (1): 4.2 kBProgress (1): 5.3 kB                    Downloaded from central: https://repo.maven.apache.org/maven2/org/apache/maven/plugins/maven-clean-plugin/3.2.0/maven-clean-plugin-3.2.0.pom (5.3 kB at 13 kB/s)
Downloading from central: https://repo.maven.apache.org/maven2/org/apache/maven/plugins/maven-plugins/35/maven-plugins-35.pom
Progress (1): 752 BProgress (1): 1.7 kBProgress (1): 3.7 kBProgress (1): 6.4 kBProgress (1): 8.3 kBProgress (1): 9.9 kB                    Downloaded from central: https://repo.maven.apache.org/maven2/org/apache/maven/plugins/maven-plugins/35/maven-plugins-35.pom (9.9 kB at 242 kB/s)
Downloading from central: https://repo.maven.apache.org/maven2/org/apache/maven/maven-parent/35/maven-parent-35.pom
Progress (1): 732 BProgress (1): 1.9 kBProgress (1): 3.9 kBProgress (1): 8.3 kBProgress (1): 13 kB Progress (1): 16 kBProgress (1): 21 kBProgress (1): 25 kBProgress (1): 26 kBProgress (1): 28 kBProgress (1): 31 kBProgress (1): 33 kBProgress (1): 37 kBProgress (1): 40 kBProgress (1): 42 kBProgress (1): 45 kB                   Downloaded from central: https://repo.maven.apache.org/maven2/org/apache/maven/maven-parent/35/maven-parent-35.pom (45 kB at 924 kB/s)
Downloading from central: https://repo.maven.apache.org/maven2/org/apache/apache/25/apache-25.pom
Progress (1): 742 BProgress (1): 2.1 kBProgress (1): 3.3 kBProgress (1): 5.4 kBProgress (1): 10.0 kBProgress (1): 14 kB  Progress (1): 17 kBProgress (1): 19 kBProgress (1): 21 kB                   Downloaded from central: https://repo.maven.apache.org/maven2/org/apache/apache/25/apache-25.pom (21 kB at 501 kB/s)
Downloading from central: https://repo.maven.apache.org/maven2/org/apache/maven/plugins/maven-clean-plugin/3.2.0/maven-clean-plugin-3.2.0.jar
Progress (1): 0.9/36 kBProgress (1): 2.3/36 kBProgress (1): 3.6/36 kBProgress (1): 5.0/36 kBProgress (1): 6.4/36 kBProgress (1): 7.7/36 kBProgress (1): 9.1/36 kBProgress (1): 10/36 kB Progress (1): 12/36 kBProgress (1): 13/36 kBProgress (1): 15/36 kBProgress (1): 16/36 kBProgress (1): 17/36 kBProgress (1): 19/36 kBProgress (1): 20/36 kBProgress (1): 20/36 kBProgress (1): 21/36 kBProgress (1): 23/36 kBProgress (1): 24/36 kBProgress (1): 26/36 kBProgress (1): 30/36 kBProgress (1): 34/36 kBProgress (1): 36 kB                      Downloaded from central: https://repo.maven.apache.org/maven2/org/apache/maven/plugins/maven-clean-plugin/3.2.0/maven-clean-plugin-3.2.0.jar (36 kB at 870 kB/s)
Downloading from central: https://repo.maven.apache.org/maven2/org/apache/maven/plugins/maven-resources-plugin/3.3.1/maven-resources-plugin-3.3.1.pom
Progress (1): 773 BProgress (1): 2.1 kBProgress (1): 4.9 kBProgress (1): 7.6 kBProgress (1): 8.2 kB                    Downloaded from central: https://repo.maven.apache.org/maven2/org/apache/maven/plugins/maven-resources-plugin/3.3.1/maven-resources-plugin-3.3.1.pom (8.2 kB at 204 kB/s)
Downloading from central: https://repo.maven.apache.org/maven2/org/apache/maven/plugins/maven-plugins/39/maven-plugins-39.pom
Progress (1): 770 BProgress (1): 2.3 kBProgress (1): 4.9 kBProgress (1): 7.5 kBProgress (1): 8.1 kB                    Downloaded from central: https://repo.maven.apache.org/maven2/org/apache/maven/plugins/maven-plugins/39/maven-plugins-39.pom (8.1 kB at 213 kB/s)
Downloading from central: https://repo.maven.apache.org/maven2/org/apache/maven/maven-parent/39/maven-parent-39.pom
Progress (1): 720 BProgress (1): 1.9 kBProgress (1): 5.5 kBProgress (1): 9.9 kBProgress (1): 15 kB Progress (1): 19 kBProgress (1): 23 kBProgress (1): 27 kBProgress (1): 27 kBProgress (1): 29 kBProgress (1): 32 kBProgress (1): 35 kBProgress (1): 38 kBProgress (1): 41 kBProgress (1): 45 kBProgress (1): 48 kB                   Downloaded from central: https://repo.maven.apache.org/maven2/org/apache/maven/maven-parent/39/maven-parent-39.pom (48 kB at 1.1 MB/s)
Downloading from central: https://repo.maven.apache.org/maven2/org/apache/apache/29/apache-29.pom
Progress (1): 744 BProgress (1): 2.1 kBProgress (1): 4.0 kBProgress (1): 6.9 kBProgress (1): 12 kB Progress (1): 16 kBProgress (1): 19 kBProgress (1): 21 kB                   Downloaded from central: https://repo.maven.apache.org/maven2/org/apache/apache/29/apache-29.pom (21 kB at 592 kB/s)
Downloading from central: https://repo.maven.apache.org/maven2/org/apache/maven/plugins/maven-resources-plugin/3.3.1/maven-resources-plugin-3.3.1.jar
Progress (1): 3.8/31 kBProgress (1): 8.0/31 kBProgress (1): 12/31 kB Progress (1): 16/31 kBProgress (1): 21/31 kBProgress (1): 25/31 kBProgress (1): 29/31 kBProgress (1): 31 kB                      Downloaded from central: https://repo.maven.apache.org/maven2/org/apache/maven/plugins/maven-resources-plugin/3.3.1/maven-resources-plugin-3.3.1.jar (31 kB at 659 kB/s)
Downloading from central: https://repo.maven.apache.org/maven2/org/apache/maven/plugins/maven-compiler-plugin/3.13.0/maven-compiler-plugin-3.13.0.pom
Progress (1): 743 BProgress (1): 2.2 kBProgress (1): 5.0 kBProgress (1): 8.4 kBProgress (1): 10 kB                    Downloaded from central: https://repo.maven.apache.org/maven2/org/apache/maven/plugins/maven-compiler-plugin/3.13.0/maven-compiler-plugin-3.13.0.pom (10 kB at 227 kB/s)
Downloading from central: https://repo.maven.apache.org/maven2/org/apache/maven/plugins/maven-plugins/41/maven-plugins-41.pom
Progress (1): 762 BProgress (1): 2.3 kBProgress (1): 4.9 kBProgress (1): 7.4 kB                    Downloaded from central: https://repo.maven.apache.org/maven2/org/apache/maven/plugins/maven-plugins/41/maven-plugins-41.pom (7.4 kB at 199 kB/s)
Downloading from central: https://repo.maven.apache.org/maven2/org/apache/maven/maven-parent/41/maven-parent-41.pom
Progress (1): 726 BProgress (1): 1.9 kBProgress (1): 5.5 kBProgress (1): 9.9 kBProgress (1): 15 kB Progress (1): 19 kBProgress (1): 23 kBProgress (1): 27 kBProgress (1): 27 kBProgress (1): 29 kBProgress (1): 32 kBProgress (1): 36 kBProgress (1): 39 kBProgress (1): 42 kBProgress (1): 44 kBProgress (1): 50 kB                   Downloaded from central: https://repo.maven.apache.org/maven2/org/apache/maven/maven-parent/41/maven-parent-41.pom (50 kB at 1.1 MB/s)
Downloading from central: https://repo.maven.apache.org/maven2/org/apache/apache/31/apache-31.pom
Progress (1): 742 BProgress (1): 2.0 kBProgress (1): 4.0 kBProgress (1): 6.2 kBProgress (1): 11 kB Progress (1): 16 kBProgress (1): 20 kBProgress (1): 22 kBProgress (1): 23 kBProgress (1): 24 kB                   Downloaded from central: https://repo.maven.apache.org/maven2/org/apache/apache/31/apache-31.pom (24 kB at 619 kB/s)
Downloading from central: https://repo.maven.apache.org/maven2/org/apache/maven/plugins/maven-compiler-plugin/3.13.0/maven-compiler-plugin-3.13.0.jar
Progress (1): 3.8/83 kBProgress (1): 8.0/83 kBProgress (1): 12/83 kB Progress (1): 25/83 kBProgress (1): 41/83 kBProgress (1): 57/83 kBProgress (1): 74/83 kBProgress (1): 83 kB                      Downloaded from central: https://repo.maven.apache.org/maven2/org/apache/maven/plugins/maven-compiler-plugin/3.13.0/maven-compiler-plugin-3.13.0.jar (83 kB at 2.1 MB/s)
Downloading from central: https://repo.maven.apache.org/maven2/org/apache/commons/commons-lang3/3.12.0/commons-lang3-3.12.0.pom
Progress (1): 751 BProgress (1): 2.1 kBProgress (1): 5.4 kBProgress (1): 9.0 kBProgress (1): 13 kB Progress (1): 15 kBProgress (1): 17 kBProgress (1): 19 kBProgress (1): 21 kBProgress (1): 25 kBProgress (1): 28 kBProgress (1): 30 kBProgress (1): 31 kB                   Downloaded from central: https://repo.maven.apache.org/maven2/org/apache/commons/commons-lang3/3.12.0/commons-lang3-3.12.0.pom (31 kB at 503 kB/s)
Downloading from central: https://repo.maven.apache.org/maven2/org/apache/commons/commons-parent/52/commons-parent-52.pom
Progress (1): 725 BProgress (1): 1.9 kBProgress (1): 3.2 kBProgress (1): 4.7 kBProgress (1): 6.8 kBProgress (1): 8.2 kBProgress (1): 11 kB Progress (1): 12 kBProgress (1): 15 kBProgress (1): 17 kBProgress (1): 20 kBProgress (1): 23 kBProgress (1): 25 kBProgress (1): 29 kBProgress (1): 32 kBProgress (1): 36 kBProgress (1): 39 kBProgress (1): 42 kBProgress (1): 44 kBProgress (1): 47 kBProgress (1): 51 kBProgress (1): 54 kBProgress (1): 56 kBProgress (1): 61 kBProgress (1): 65 kBProgress (1): 73 kBProgress (1): 76 kBProgress (1): 79 kB                   Downloaded from central: https://repo.maven.apache.org/maven2/org/apache/commons/commons-parent/52/commons-parent-52.pom (79 kB at 2.1 MB/s)
Downloading from central: https://repo.maven.apache.org/maven2/org/apache/apache/23/apache-23.pom
Progress (1): 753 BProgress (1): 2.1 kBProgress (1): 3.9 kBProgress (1): 8.0 kBProgress (1): 13 kB Progress (1): 16 kBProgress (1): 18 kB                   Downloaded from central: https://repo.maven.apache.org/maven2/org/apache/apache/23/apache-23.pom (18 kB at 485 kB/s)
Downloading from central: https://repo.maven.apache.org/maven2/org/junit/junit-bom/5.7.1/junit-bom-5.7.1.pom
Progress (1): 912 BProgress (1): 4.3 kBProgress (1): 5.1 kB                    Downloaded from central: https://repo.maven.apache.org/maven2/org/junit/junit-bom/5.7.1/junit-bom-5.7.1.pom (5.1 kB at 124 kB/s)
Downloading from central: https://repo.maven.apache.org/maven2/com/google/code/gson/gson/2.10.1/gson-2.10.1.pom
Progress (1): 1.1 kBProgress (1): 3.4 kBProgress (1): 6.9 kBProgress (1): 8.8 kBProgress (1): 9.4 kB                    Downloaded from central: https://repo.maven.apache.org/maven2/com/google/code/gson/gson/2.10.1/gson-2.10.1.pom (9.4 kB at 240 kB/s)
Downloading from central: https://repo.maven.apache.org/maven2/com/google/code/gson/gson-parent/2.10.1/gson-parent-2.10.1.pom
Progress (1): 1.1 kBProgress (1): 2.7 kBProgress (1): 4.3 kBProgress (1): 6.5 kBProgress (1): 8.5 kBProgress (1): 11 kB Progress (1): 13 kB                   Downloaded from central: https://repo.maven.apache.org/maven2/com/google/code/gson/gson-parent/2.10.1/gson-parent-2.10.1.pom (13 kB at 417 kB/s)
Downloading from central: https://repo.maven.apache.org/maven2/org/apache/commons/commons-lang3/3.12.0/commons-lang3-3.12.0.jar
Progress (1): 7.7/587 kBProgress (1): 16/587 kB Progress (1): 32/587 kBProgress (1): 49/587 kBProgress (1): 53/587 kBProgress (1): 69/587 kBProgress (1): 86/587 kBProgress (1): 102/587 kBProgress (1): 118/587 kBProgress (1): 135/587 kBProgress (1): 151/587 kBProgress (1): 168/587 kBProgress (1): 184/587 kBProgress (1): 200/587 kBProgress (1): 217/587 kBProgress (1): 233/587 kBProgress (1): 239/587 kBProgress (1): 255/587 kBProgress (1): 271/587 kBProgress (1): 288/587 kBProgress (1): 304/587 kBProgress (1): 321/587 kBProgress (1): 337/587 kBProgress (1): 353/587 kBProgress (1): 366/587 kBProgress (1): 382/587 kBProgress (1): 394/587 kBProgress (1): 411/587 kBProgress (1): 427/587 kBProgress (1): 443/587 kBProgress (1): 460/587 kBProgress (1): 476/587 kBProgress (1): 493/587 kBProgress (1): 497/587 kBProgress (1): 513/587 kBProgress (1): 529/587 kBProgress (1): 546/587 kBProgress (1): 562/587 kBProgress (1): 579/587 kBProgress (1): 587 kB                        Downloaded from central: https://repo.maven.apache.org/maven2/org/apache/commons/commons-lang3/3.12.0/commons-lang3-3.12.0.jar (587 kB at 9.3 MB/s)
Downloading from central: https://repo.maven.apache.org/maven2/com/google/code/gson/gson/2.10.1/gson-2.10.1.jar
Progress (1): 3.7/283 kBProgress (1): 20/283 kB Progress (1): 37/283 kBProgress (1): 53/283 kBProgress (1): 69/283 kBProgress (1): 86/283 kBProgress (1): 102/283 kBProgress (1): 118/283 kBProgress (1): 135/283 kBProgress (1): 151/283 kBProgress (1): 168/283 kBProgress (1): 184/283 kBProgress (1): 200/283 kBProgress (1): 217/283 kBProgress (1): 233/283 kBProgress (1): 249/283 kBProgress (1): 266/283 kBProgress (1): 282/283 kBProgress (1): 283 kB                        Downloaded from central: https://repo.maven.apache.org/maven2/com/google/code/gson/gson/2.10.1/gson-2.10.1.jar (283 kB at 6.6 MB/s)
[INFO] 
[INFO] --- clean:3.2.0:clean (default-clean) @ maven-demo ---
Downloading from central: https://repo.maven.apache.org/maven2/org/apache/maven/shared/maven-shared-utils/3.3.4/maven-shared-utils-3.3.4.pom
Progress (1): 778 BProgress (1): 2.3 kBProgress (1): 4.2 kBProgress (1): 5.8 kB                    Downloaded from central: https://repo.maven.apache.org/maven2/org/apache/maven/shared/maven-shared-utils/3.3.4/maven-shared-utils-3.3.4.pom (5.8 kB at 188 kB/s)
Downloading from central: https://repo.maven.apache.org/maven2/org/apache/maven/shared/maven-shared-components/34/maven-shared-components-34.pom
Progress (1): 772 BProgress (1): 2.3 kBProgress (1): 4.6 kBProgress (1): 5.1 kB                    Downloaded from central: https://repo.maven.apache.org/maven2/org/apache/maven/shared/maven-shared-components/34/maven-shared-components-34.pom (5.1 kB at 131 kB/s)
Downloading from central: https://repo.maven.apache.org/maven2/org/apache/maven/maven-parent/34/maven-parent-34.pom
Progress (1): 725 BProgress (1): 1.9 kBProgress (1): 5.4 kBProgress (1): 10.0 kBProgress (1): 14 kB  Progress (1): 19 kBProgress (1): 23 kBProgress (1): 26 kBProgress (1): 28 kBProgress (1): 31 kBProgress (1): 34 kBProgress (1): 37 kBProgress (1): 41 kBProgress (1): 43 kB                   Downloaded from central: https://repo.maven.apache.org/maven2/org/apache/maven/maven-parent/34/maven-parent-34.pom (43 kB at 1.1 MB/s)
Downloading from central: https://repo.maven.apache.org/maven2/commons-io/commons-io/2.6/commons-io-2.6.pom
Progress (1): 789 BProgress (1): 2.1 kBProgress (1): 5.3 kBProgress (1): 7.5 kBProgress (1): 9.6 kBProgress (1): 12 kB Progress (1): 14 kB                   Downloaded from central: https://repo.maven.apache.org/maven2/commons-io/commons-io/2.6/commons-io-2.6.pom (14 kB at 385 kB/s)
Downloading from central: https://repo.maven.apache.org/maven2/org/apache/commons/commons-parent/42/commons-parent-42.pom
Progress (1): 718 BProgress (1): 1.9 kBProgress (1): 3.1 kBProgress (1): 4.5 kBProgress (1): 5.9 kBProgress (1): 7.5 kBProgress (1): 11 kB Progress (1): 14 kBProgress (1): 17 kBProgress (1): 21 kBProgress (1): 24 kBProgress (1): 26 kBProgress (1): 29 kBProgress (1): 31 kBProgress (1): 34 kBProgress (1): 37 kBProgress (1): 40 kBProgress (1): 44 kBProgress (1): 48 kBProgress (1): 53 kBProgress (1): 55 kBProgress (1): 58 kBProgress (1): 60 kBProgress (1): 62 kBProgress (1): 65 kBProgress (1): 66 kBProgress (1): 68 kB                   Downloaded from central: https://repo.maven.apache.org/maven2/org/apache/commons/commons-parent/42/commons-parent-42.pom (68 kB at 1.4 MB/s)
Downloading from central: https://repo.maven.apache.org/maven2/org/apache/apache/18/apache-18.pom
Progress (1): 755 BProgress (1): 2.1 kBProgress (1): 4.0 kBProgress (1): 8.1 kBProgress (1): 12 kB Progress (1): 15 kBProgress (1): 16 kB                   Downloaded from central: https://repo.maven.apache.org/maven2/org/apache/apache/18/apache-18.pom (16 kB at 373 kB/s)
Downloading from central: https://repo.maven.apache.org/maven2/org/apache/maven/shared/maven-shared-utils/3.3.4/maven-shared-utils-3.3.4.jar
Progress (1): 3.7/153 kBProgress (1): 20/153 kB Progress (1): 36/153 kBProgress (1): 53/153 kBProgress (1): 69/153 kBProgress (1): 86/153 kBProgress (1): 102/153 kBProgress (1): 118/153 kBProgress (1): 135/153 kBProgress (1): 151/153 kBProgress (1): 153 kB                        Downloaded from central: https://repo.maven.apache.org/maven2/org/apache/maven/shared/maven-shared-utils/3.3.4/maven-shared-utils-3.3.4.jar (153 kB at 2.0 MB/s)
Downloading from central: https://repo.maven.apache.org/maven2/commons-io/commons-io/2.6/commons-io-2.6.jar
Progress (1): 7.7/215 kBProgress (1): 16/215 kB Progress (1): 32/215 kBProgress (1): 49/215 kBProgress (1): 65/215 kBProgress (1): 81/215 kBProgress (1): 98/215 kBProgress (1): 114/215 kBProgress (1): 118/215 kBProgress (1): 135/215 kBProgress (1): 151/215 kBProgress (1): 168/215 kBProgress (1): 184/215 kBProgress (1): 200/215 kBProgress (1): 204/215 kBProgress (1): 215 kB                        Downloaded from central: https://repo.maven.apache.org/maven2/commons-io/commons-io/2.6/commons-io-2.6.jar (215 kB at 2.6 MB/s)
[INFO] 
[INFO] --- resources:3.3.1:resources (default-resources) @ maven-demo ---
Downloading from central: https://repo.maven.apache.org/maven2/org/codehaus/plexus/plexus-interpolation/1.26/plexus-interpolation-1.26.pom
Progress (1): 1.4 kBProgress (1): 2.7 kB                    Downloaded from central: https://repo.maven.apache.org/maven2/org/codehaus/plexus/plexus-interpolation/1.26/plexus-interpolation-1.26.pom (2.7 kB at 72 kB/s)
Downloading from central: https://repo.maven.apache.org/maven2/org/codehaus/plexus/plexus/5.1/plexus-5.1.pom
Progress (1): 696 BProgress (1): 2.7 kBProgress (1): 6.5 kBProgress (1): 9.1 kBProgress (1): 12 kB Progress (1): 16 kBProgress (1): 21 kBProgress (1): 23 kB                   Downloaded from central: https://repo.maven.apache.org/maven2/org/codehaus/plexus/plexus/5.1/plexus-5.1.pom (23 kB at 643 kB/s)
Downloading from central: https://repo.maven.apache.org/maven2/org/codehaus/plexus/plexus-utils/3.5.1/plexus-utils-3.5.1.pom
Progress (1): 714 BProgress (1): 2.4 kBProgress (1): 4.4 kBProgress (1): 8.6 kBProgress (1): 8.8 kB                    Downloaded from central: https://repo.maven.apache.org/maven2/org/codehaus/plexus/plexus-utils/3.5.1/plexus-utils-3.5.1.pom (8.8 kB at 225 kB/s)
Downloading from central: https://repo.maven.apache.org/maven2/org/codehaus/plexus/plexus/10/plexus-10.pom
Progress (1): 695 BProgress (1): 2.7 kBProgress (1): 6.4 kBProgress (1): 9.2 kBProgress (1): 11 kB Progress (1): 16 kBProgress (1): 20 kBProgress (1): 24 kBProgress (1): 25 kB                   Downloaded from central: https://repo.maven.apache.org/maven2/org/codehaus/plexus/plexus/10/plexus-10.pom (25 kB at 363 kB/s)
Downloading from central: https://repo.maven.apache.org/maven2/org/apache/maven/shared/maven-filtering/3.3.1/maven-filtering-3.3.1.pom
Progress (1): 788 BProgress (1): 2.2 kBProgress (1): 5.6 kBProgress (1): 6.0 kB                    Downloaded from central: https://repo.maven.apache.org/maven2/org/apache/maven/shared/maven-filtering/3.3.1/maven-filtering-3.3.1.pom (6.0 kB at 102 kB/s)
Downloading from central: https://repo.maven.apache.org/maven2/org/apache/maven/shared/maven-shared-components/39/maven-shared-components-39.pom
Progress (1): 801 BProgress (1): 2.2 kBProgress (1): 3.2 kB                    Downloaded from central: https://repo.maven.apache.org/maven2/org/apache/maven/shared/maven-shared-components/39/maven-shared-components-39.pom (3.2 kB at 83 kB/s)
Downloading from central: https://repo.maven.apache.org/maven2/javax/inject/javax.inject/1/javax.inject-1.pom
Progress (1): 612 B                   Downloaded from central: https://repo.maven.apache.org/maven2/javax/inject/javax.inject/1/javax.inject-1.pom (612 B at 10 kB/s)
Downloading from central: https://repo.maven.apache.org/maven2/org/slf4j/slf4j-api/1.7.36/slf4j-api-1.7.36.pom
Progress (1): 1.0 kBProgress (1): 2.7 kB                    Downloaded from central: https://repo.maven.apache.org/maven2/org/slf4j/slf4j-api/1.7.36/slf4j-api-1.7.36.pom (2.7 kB at 67 kB/s)
Downloading from central: https://repo.maven.apache.org/maven2/org/slf4j/slf4j-parent/1.7.36/slf4j-parent-1.7.36.pom
Progress (1): 1.0 kBProgress (1): 3.0 kBProgress (1): 5.9 kBProgress (1): 8.7 kBProgress (1): 12 kB Progress (1): 14 kB                   Downloaded from central: https://repo.maven.apache.org/maven2/org/slf4j/slf4j-parent/1.7.36/slf4j-parent-1.7.36.pom (14 kB at 344 kB/s)
Downloading from central: https://repo.maven.apache.org/maven2/org/sonatype/plexus/plexus-build-api/0.0.7/plexus-build-api-0.0.7.pom
Progress (1): 895 BProgress (1): 3.2 kB                    Downloaded from central: https://repo.maven.apache.org/maven2/org/sonatype/plexus/plexus-build-api/0.0.7/plexus-build-api-0.0.7.pom (3.2 kB at 84 kB/s)
Downloading from central: https://repo.maven.apache.org/maven2/org/sonatype/spice/spice-parent/15/spice-parent-15.pom
Progress (1): 1.2 kBProgress (1): 3.7 kBProgress (1): 7.3 kBProgress (1): 8.4 kB                    Downloaded from central: https://repo.maven.apache.org/maven2/org/sonatype/spice/spice-parent/15/spice-parent-15.pom (8.4 kB at 261 kB/s)
Downloading from central: https://repo.maven.apache.org/maven2/org/sonatype/forge/forge-parent/5/forge-parent-5.pom
Progress (1): 1.3 kBProgress (1): 5.6 kBProgress (1): 8.4 kB                    Downloaded from central: https://repo.maven.apache.org/maven2/org/sonatype/forge/forge-parent/5/forge-parent-5.pom (8.4 kB at 194 kB/s)
Downloading from central: https://repo.maven.apache.org/maven2/org/codehaus/plexus/plexus-utils/3.5.0/plexus-utils-3.5.0.pom
Progress (1): 714 BProgress (1): 2.3 kBProgress (1): 4.5 kBProgress (1): 8.0 kB                    Downloaded from central: https://repo.maven.apache.org/maven2/org/codehaus/plexus/plexus-utils/3.5.0/plexus-utils-3.5.0.pom (8.0 kB at 174 kB/s)
Downloading from central: https://repo.maven.apache.org/maven2/commons-io/commons-io/2.11.0/commons-io-2.11.0.pom
Progress (1): 770 BProgress (1): 2.1 kBProgress (1): 5.2 kBProgress (1): 7.8 kBProgress (1): 10 kB Progress (1): 12 kBProgress (1): 15 kBProgress (1): 18 kBProgress (1): 20 kB                   Downloaded from central: https://repo.maven.apache.org/maven2/commons-io/commons-io/2.11.0/commons-io-2.11.0.pom (20 kB at 564 kB/s)
Downloading from central: https://repo.maven.apache.org/maven2/org/junit/junit-bom/5.7.2/junit-bom-5.7.2.pom
Progress (1): 919 BProgress (1): 4.3 kBProgress (1): 5.1 kB                    Downloaded from central: https://repo.maven.apache.org/maven2/org/junit/junit-bom/5.7.2/junit-bom-5.7.2.pom (5.1 kB at 121 kB/s)
Downloading from central: https://repo.maven.apache.org/maven2/org/codehaus/plexus/plexus-interpolation/1.26/plexus-interpolation-1.26.jar
Progress (1): 7.7/85 kBProgress (1): 16/85 kB Progress (1): 25/85 kBProgress (1): 41/85 kBProgress (1): 57/85 kBProgress (1): 74/85 kBProgress (1): 85 kB                      Downloaded from central: https://repo.maven.apache.org/maven2/org/codehaus/plexus/plexus-interpolation/1.26/plexus-interpolation-1.26.jar (85 kB at 1.9 MB/s)
Downloading from central: https://repo.maven.apache.org/maven2/org/codehaus/plexus/plexus-utils/3.5.1/plexus-utils-3.5.1.jar
Downloading from central: https://repo.maven.apache.org/maven2/org/apache/maven/shared/maven-filtering/3.3.1/maven-filtering-3.3.1.jar
Downloading from central: https://repo.maven.apache.org/maven2/javax/inject/javax.inject/1/javax.inject-1.jar
Downloading from central: https://repo.maven.apache.org/maven2/org/slf4j/slf4j-api/1.7.36/slf4j-api-1.7.36.jar
Downloading from central: https://repo.maven.apache.org/maven2/org/sonatype/plexus/plexus-build-api/0.0.7/plexus-build-api-0.0.7.jar
Progress (1): 7.7/269 kBProgress (1): 16/269 kB Progress (1): 32/269 kBProgress (1): 49/269 kBProgress (1): 65/269 kBProgress (1): 81/269 kBProgress (1): 98/269 kBProgress (1): 114/269 kBProgress (1): 123/269 kBProgress (1): 139/269 kBProgress (1): 156/269 kBProgress (1): 172/269 kBProgress (1): 188/269 kBProgress (1): 205/269 kBProgress (1): 221/269 kBProgress (1): 238/269 kBProgress (1): 254/269 kBProgress (1): 269 kB                        Downloaded from central: https://repo.maven.apache.org/maven2/org/codehaus/plexus/plexus-utils/3.5.1/plexus-utils-3.5.1.jar (269 kB at 5.9 MB/s)
Downloading from central: https://repo.maven.apache.org/maven2/commons-io/commons-io/2.11.0/commons-io-2.11.0.jar
Progress (1): 0.9/41 kBProgress (1): 2.3/41 kBProgress (1): 3.6/41 kBProgress (1): 5.0/41 kBProgress (1): 6.4/41 kBProgress (1): 7.7/41 kBProgress (1): 9.1/41 kBProgress (1): 10/41 kB Progress (1): 12/41 kBProgress (1): 13/41 kBProgress (1): 15/41 kBProgress (1): 16/41 kBProgress (1): 17/41 kBProgress (1): 19/41 kBProgress (1): 20/41 kBProgress (1): 21/41 kBProgress (1): 23/41 kBProgress (1): 24/41 kBProgress (1): 26/41 kBProgress (1): 27/41 kBProgress (1): 28/41 kBProgress (1): 30/41 kBProgress (1): 31/41 kBProgress (1): 32/41 kBProgress (1): 34/41 kBProgress (1): 35/41 kBProgress (1): 36/41 kBProgress (1): 38/41 kBProgress (1): 39/41 kBProgress (1): 41/41 kBProgress (1): 41 kB   Progress (2): 41 kB | 0.9/8.5 kBProgress (2): 41 kB | 2.3/8.5 kBProgress (2): 41 kB | 3.6/8.5 kBProgress (2): 41 kB | 3.7/8.5 kBProgress (2): 41 kB | 5.1/8.5 kBProgress (2): 41 kB | 6.5/8.5 kBProgress (2): 41 kB | 7.8/8.5 kBProgress (2): 41 kB | 8.5 kB                                Downloaded from central: https://repo.maven.apache.org/maven2/org/sonatype/plexus/plexus-build-api/0.0.7/plexus-build-api-0.0.7.jar (8.5 kB at 125 kB/s)
Progress (2): 41 kB | 0.9/55 kBProgress (2): 41 kB | 2.3/55 kBProgress (2): 41 kB | 3.6/55 kBProgress (2): 41 kB | 5.0/55 kBProgress (2): 41 kB | 6.4/55 kBProgress (2): 41 kB | 7.7/55 kBProgress (2): 41 kB | 9.1/55 kBProgress (2): 41 kB | 10/55 kB Progress (2): 41 kB | 12/55 kBProgress (2): 41 kB | 13/55 kBProgress (2): 41 kB | 15/55 kBProgress (2): 41 kB | 16/55 kBProgress (2): 41 kB | 17/55 kBProgress (2): 41 kB | 19/55 kBProgress (2): 41 kB | 20/55 kBProgress (2): 41 kB | 21/55 kBProgress (2): 41 kB | 23/55 kBProgress (2): 41 kB | 24/55 kBProgress (2): 41 kB | 26/55 kBProgress (2): 41 kB | 27/55 kBProgress (2): 41 kB | 28/55 kBProgress (2): 41 kB | 30/55 kBProgress (2): 41 kB | 31/55 kBProgress (2): 41 kB | 32/55 kBProgress (2): 41 kB | 34/55 kBProgress (2): 41 kB | 35/55 kBProgress (2): 41 kB | 36/55 kBProgress (2): 41 kB | 38/55 kBProgress (2): 41 kB | 39/55 kBProgress (2): 41 kB | 41/55 kBProgress (2): 41 kB | 42/55 kBProgress (2): 41 kB | 43/55 kBProgress (2): 41 kB | 45/55 kBProgress (2): 41 kB | 46/55 kBProgress (2): 41 kB | 47/55 kBProgress (2): 41 kB | 49/55 kBProgress (2): 41 kB | 50/55 kBProgress (2): 41 kB | 52/55 kBProgress (2): 41 kB | 53/55 kBProgress (2): 41 kB | 54/55 kBProgress (2): 41 kB | 55 kB                              Downloaded from central: https://repo.maven.apache.org/maven2/org/apache/maven/shared/maven-filtering/3.3.1/maven-filtering-3.3.1.jar (55 kB at 733 kB/s)
Progress (2): 41 kB | 7.7/327 kBProgress (2): 41 kB | 16/327 kB Progress (2): 41 kB | 25/327 kBProgress (2): 41 kB | 41/327 kBProgress (2): 41 kB | 57/327 kBProgress (2): 41 kB | 74/327 kBProgress (2): 41 kB | 90/327 kBProgress (2): 41 kB | 106/327 kBProgress (2): 41 kB | 123/327 kB                                Downloaded from central: https://repo.maven.apache.org/maven2/org/slf4j/slf4j-api/1.7.36/slf4j-api-1.7.36.jar (41 kB at 502 kB/s)
Progress (1): 139/327 kBProgress (1): 156/327 kBProgress (1): 172/327 kBProgress (1): 188/327 kBProgress (1): 205/327 kBProgress (1): 221/327 kBProgress (1): 238/327 kBProgress (1): 254/327 kBProgress (1): 270/327 kBProgress (1): 287/327 kBProgress (1): 303/327 kBProgress (1): 319/327 kBProgress (1): 327 kB                        Downloaded from central: https://repo.maven.apache.org/maven2/commons-io/commons-io/2.11.0/commons-io-2.11.0.jar (327 kB at 3.7 MB/s)
Progress (1): 0.9/2.5 kBProgress (1): 2.3/2.5 kBProgress (1): 2.5 kB                        Downloaded from central: https://repo.maven.apache.org/maven2/javax/inject/javax.inject/1/javax.inject-1.jar (2.5 kB at 26 kB/s)
[INFO] skip non existing resourceDirectory /home/student/primer/exercises/maven-project/src/main/resources
[INFO] 
[INFO] --- compiler:3.13.0:compile (default-compile) @ maven-demo ---
Downloading from central: https://repo.maven.apache.org/maven2/org/apache/maven/shared/maven-shared-utils/3.4.2/maven-shared-utils-3.4.2.pom
Progress (1): 791 BProgress (1): 2.3 kBProgress (1): 3.4 kBProgress (1): 5.9 kB                    Downloaded from central: https://repo.maven.apache.org/maven2/org/apache/maven/shared/maven-shared-utils/3.4.2/maven-shared-utils-3.4.2.pom (5.9 kB at 118 kB/s)
Downloading from central: https://repo.maven.apache.org/maven2/org/apache/maven/shared/maven-shared-incremental/1.1/maven-shared-incremental-1.1.pom
Progress (1): 803 BProgress (1): 1.9 kBProgress (1): 4.7 kB                    Downloaded from central: https://repo.maven.apache.org/maven2/org/apache/maven/shared/maven-shared-incremental/1.1/maven-shared-incremental-1.1.pom (4.7 kB at 32 kB/s)
Downloading from central: https://repo.maven.apache.org/maven2/org/apache/maven/shared/maven-shared-components/19/maven-shared-components-19.pom
Progress (1): 770 BProgress (1): 1.9 kBProgress (1): 3.6 kBProgress (1): 6.2 kBProgress (1): 6.4 kB                    Downloaded from central: https://repo.maven.apache.org/maven2/org/apache/maven/shared/maven-shared-components/19/maven-shared-components-19.pom (6.4 kB at 205 kB/s)
Downloading from central: https://repo.maven.apache.org/maven2/org/apache/maven/maven-parent/23/maven-parent-23.pom
Progress (1): 737 BProgress (1): 2.0 kBProgress (1): 4.4 kBProgress (1): 9.1 kBProgress (1): 14 kB Progress (1): 16 kBProgress (1): 21 kBProgress (1): 22 kBProgress (1): 25 kBProgress (1): 27 kBProgress (1): 31 kBProgress (1): 33 kB                   Downloaded from central: https://repo.maven.apache.org/maven2/org/apache/maven/maven-parent/23/maven-parent-23.pom (33 kB at 693 kB/s)
Downloading from central: https://repo.maven.apache.org/maven2/org/apache/apache/13/apache-13.pom
Progress (1): 759 BProgress (1): 1.7 kBProgress (1): 3.7 kBProgress (1): 7.5 kBProgress (1): 10 kB Progress (1): 13 kBProgress (1): 14 kB                   Downloaded from central: https://repo.maven.apache.org/maven2/org/apache/apache/13/apache-13.pom (14 kB at 368 kB/s)
Downloading from central: https://repo.maven.apache.org/maven2/org/codehaus/plexus/plexus-java/1.2.0/plexus-java-1.2.0.pom
Progress (1): 1.9 kBProgress (1): 3.5 kBProgress (1): 4.3 kB                    Downloaded from central: https://repo.maven.apache.org/maven2/org/codehaus/plexus/plexus-java/1.2.0/plexus-java-1.2.0.pom (4.3 kB at 72 kB/s)
Downloading from central: https://repo.maven.apache.org/maven2/org/codehaus/plexus/plexus-languages/1.2.0/plexus-languages-1.2.0.pom
Progress (1): 1.3 kBProgress (1): 3.2 kB                    Downloaded from central: https://repo.maven.apache.org/maven2/org/codehaus/plexus/plexus-languages/1.2.0/plexus-languages-1.2.0.pom (3.2 kB at 65 kB/s)
Downloading from central: https://repo.maven.apache.org/maven2/org/codehaus/plexus/plexus/15/plexus-15.pom
Progress (1): 693 BProgress (1): 2.5 kBProgress (1): 5.0 kBProgress (1): 8.2 kBProgress (1): 10 kB Progress (1): 11 kBProgress (1): 16 kBProgress (1): 19 kBProgress (1): 21 kBProgress (1): 25 kBProgress (1): 28 kB                   Downloaded from central: https://repo.maven.apache.org/maven2/org/codehaus/plexus/plexus/15/plexus-15.pom (28 kB at 488 kB/s)
Downloading from central: https://repo.maven.apache.org/maven2/org/junit/junit-bom/5.10.0/junit-bom-5.10.0.pom
Progress (1): 912 BProgress (1): 2.4 kBProgress (1): 5.6 kB                    Downloaded from central: https://repo.maven.apache.org/maven2/org/junit/junit-bom/5.10.0/junit-bom-5.10.0.pom (5.6 kB at 166 kB/s)
Downloading from central: https://repo.maven.apache.org/maven2/org/ow2/asm/asm/9.6/asm-9.6.pom
Progress (1): 1.3 kBProgress (1): 2.4 kB                    Downloaded from central: https://repo.maven.apache.org/maven2/org/ow2/asm/asm/9.6/asm-9.6.pom (2.4 kB at 70 kB/s)
Downloading from central: https://repo.maven.apache.org/maven2/org/ow2/ow2/1.5.1/ow2-1.5.1.pom
Progress (1): 711 BProgress (1): 2.1 kBProgress (1): 3.6 kBProgress (1): 5.9 kBProgress (1): 8.2 kBProgress (1): 11 kB                    Downloaded from central: https://repo.maven.apache.org/maven2/org/ow2/ow2/1.5.1/ow2-1.5.1.pom (11 kB at 332 kB/s)
Downloading from central: https://repo.maven.apache.org/maven2/com/thoughtworks/qdox/qdox/2.0.3/qdox-2.0.3.pom
Progress (1): 887 BProgress (1): 3.4 kBProgress (1): 6.6 kBProgress (1): 11 kB Progress (1): 13 kBProgress (1): 17 kB                   Downloaded from central: https://repo.maven.apache.org/maven2/com/thoughtworks/qdox/qdox/2.0.3/qdox-2.0.3.pom (17 kB at 492 kB/s)
Downloading from central: https://repo.maven.apache.org/maven2/org/sonatype/oss/oss-parent/9/oss-parent-9.pom
Progress (1): 845 BProgress (1): 2.7 kBProgress (1): 6.5 kBProgress (1): 6.6 kB                    Downloaded from central: https://repo.maven.apache.org/maven2/org/sonatype/oss/oss-parent/9/oss-parent-9.pom (6.6 kB at 140 kB/s)
Downloading from central: https://repo.maven.apache.org/maven2/org/codehaus/plexus/plexus-compiler-api/2.15.0/plexus-compiler-api-2.15.0.pom
Progress (1): 1.4 kB                    Downloaded from central: https://repo.maven.apache.org/maven2/org/codehaus/plexus/plexus-compiler-api/2.15.0/plexus-compiler-api-2.15.0.pom (1.4 kB at 45 kB/s)
Downloading from central: https://repo.maven.apache.org/maven2/org/codehaus/plexus/plexus-compiler/2.15.0/plexus-compiler-2.15.0.pom
Progress (1): 1.2 kBProgress (1): 4.5 kBProgress (1): 7.6 kB                    Downloaded from central: https://repo.maven.apache.org/maven2/org/codehaus/plexus/plexus-compiler/2.15.0/plexus-compiler-2.15.0.pom (7.6 kB at 165 kB/s)
Downloading from central: https://repo.maven.apache.org/maven2/org/codehaus/plexus/plexus/17/plexus-17.pom
Progress (1): 693 BProgress (1): 2.5 kBProgress (1): 6.4 kBProgress (1): 8.9 kBProgress (1): 11 kB Progress (1): 14 kBProgress (1): 19 kBProgress (1): 21 kBProgress (1): 22 kBProgress (1): 27 kBProgress (1): 28 kB                   Downloaded from central: https://repo.maven.apache.org/maven2/org/codehaus/plexus/plexus/17/plexus-17.pom (28 kB at 376 kB/s)
Downloading from central: https://repo.maven.apache.org/maven2/org/junit/junit-bom/5.10.2/junit-bom-5.10.2.pom
Progress (1): 919 BProgress (1): 4.5 kBProgress (1): 5.6 kB                    Downloaded from central: https://repo.maven.apache.org/maven2/org/junit/junit-bom/5.10.2/junit-bom-5.10.2.pom (5.6 kB at 141 kB/s)
Downloading from central: https://repo.maven.apache.org/maven2/org/codehaus/plexus/plexus-utils/4.0.0/plexus-utils-4.0.0.pom
Progress (1): 721 BProgress (1): 2.3 kBProgress (1): 4.5 kBProgress (1): 8.7 kB                    Downloaded from central: https://repo.maven.apache.org/maven2/org/codehaus/plexus/plexus-utils/4.0.0/plexus-utils-4.0.0.pom (8.7 kB at 108 kB/s)
Downloading from central: https://repo.maven.apache.org/maven2/org/codehaus/plexus/plexus/13/plexus-13.pom
Progress (1): 693 BProgress (1): 2.5 kBProgress (1): 6.4 kBProgress (1): 8.9 kBProgress (1): 11 kB Progress (1): 14 kBProgress (1): 18 kBProgress (1): 21 kBProgress (1): 23 kBProgress (1): 26 kBProgress (1): 27 kB                   Downloaded from central: https://repo.maven.apache.org/maven2/org/codehaus/plexus/plexus/13/plexus-13.pom (27 kB at 322 kB/s)
Downloading from central: https://repo.maven.apache.org/maven2/org/junit/junit-bom/5.9.3/junit-bom-5.9.3.pom
Progress (1): 918 BProgress (1): 4.5 kBProgress (1): 5.6 kB                    Downloaded from central: https://repo.maven.apache.org/maven2/org/junit/junit-bom/5.9.3/junit-bom-5.9.3.pom (5.6 kB at 85 kB/s)
Downloading from central: https://repo.maven.apache.org/maven2/org/codehaus/plexus/plexus-compiler-manager/2.15.0/plexus-compiler-manager-2.15.0.pom
Progress (1): 1.3 kB                    Downloaded from central: https://repo.maven.apache.org/maven2/org/codehaus/plexus/plexus-compiler-manager/2.15.0/plexus-compiler-manager-2.15.0.pom (1.3 kB at 22 kB/s)
Downloading from central: https://repo.maven.apache.org/maven2/org/codehaus/plexus/plexus-xml/3.0.0/plexus-xml-3.0.0.pom
Progress (1): 799 BProgress (1): 2.7 kBProgress (1): 3.7 kB                    Downloaded from central: https://repo.maven.apache.org/maven2/org/codehaus/plexus/plexus-xml/3.0.0/plexus-xml-3.0.0.pom (3.7 kB at 80 kB/s)
Downloading from central: https://repo.maven.apache.org/maven2/org/codehaus/plexus/plexus-compiler-javac/2.15.0/plexus-compiler-javac-2.15.0.pom
Progress (1): 1.3 kB                    Downloaded from central: https://repo.maven.apache.org/maven2/org/codehaus/plexus/plexus-compiler-javac/2.15.0/plexus-compiler-javac-2.15.0.pom (1.3 kB at 34 kB/s)
Downloading from central: https://repo.maven.apache.org/maven2/org/codehaus/plexus/plexus-compilers/2.15.0/plexus-compilers-2.15.0.pom
Progress (1): 1.6 kBProgress (1): 1.6 kB                    Downloaded from central: https://repo.maven.apache.org/maven2/org/codehaus/plexus/plexus-compilers/2.15.0/plexus-compilers-2.15.0.pom (1.6 kB at 25 kB/s)
Downloading from central: https://repo.maven.apache.org/maven2/org/apache/maven/shared/maven-shared-utils/3.4.2/maven-shared-utils-3.4.2.jar
Progress (1): 7.7/151 kBProgress (1): 16/151 kB Progress (1): 25/151 kBProgress (1): 41/151 kBProgress (1): 57/151 kBProgress (1): 74/151 kBProgress (1): 90/151 kBProgress (1): 106/151 kBProgress (1): 123/151 kBProgress (1): 139/151 kBProgress (1): 151 kB                        Downloaded from central: https://repo.maven.apache.org/maven2/org/apache/maven/shared/maven-shared-utils/3.4.2/maven-shared-utils-3.4.2.jar (151 kB at 3.4 MB/s)
Downloading from central: https://repo.maven.apache.org/maven2/org/apache/maven/shared/maven-shared-incremental/1.1/maven-shared-incremental-1.1.jar
Downloading from central: https://repo.maven.apache.org/maven2/org/codehaus/plexus/plexus-java/1.2.0/plexus-java-1.2.0.jar
Downloading from central: https://repo.maven.apache.org/maven2/org/ow2/asm/asm/9.6/asm-9.6.jar
Downloading from central: https://repo.maven.apache.org/maven2/com/thoughtworks/qdox/qdox/2.0.3/qdox-2.0.3.jar
Downloading from central: https://repo.maven.apache.org/maven2/org/codehaus/plexus/plexus-compiler-api/2.15.0/plexus-compiler-api-2.15.0.jar
Progress (1): 0.9/334 kBProgress (1): 2.3/334 kBProgress (1): 3.7/334 kBProgress (1): 5.0/334 kBProgress (1): 6.4/334 kBProgress (1): 7.8/334 kBProgress (1): 9.1/334 kBProgress (1): 11/334 kB Progress (1): 12/334 kBProgress (1): 13/334 kBProgress (1): 15/334 kBProgress (1): 16/334 kBProgress (1): 17/334 kBProgress (1): 19/334 kBProgress (1): 20/334 kBProgress (1): 21/334 kBProgress (1): 23/334 kBProgress (1): 24/334 kBProgress (1): 25/334 kBProgress (1): 26/334 kBProgress (1): 27/334 kBProgress (1): 29/334 kBProgress (1): 30/334 kBProgress (1): 31/334 kBProgress (1): 33/334 kBProgress (1): 34/334 kBProgress (1): 36/334 kBProgress (1): 37/334 kBProgress (1): 38/334 kBProgress (1): 40/334 kBProgress (1): 41/334 kBProgress (1): 42/334 kBProgress (1): 44/334 kBProgress (1): 48/334 kBProgress (1): 52/334 kBProgress (1): 56/334 kBProgress (1): 61/334 kBProgress (1): 65/334 kBProgress (1): 69/334 kBProgress (1): 73/334 kBProgress (1): 78/334 kBProgress (1): 82/334 kBProgress (1): 86/334 kBProgress (1): 90/334 kBProgress (1): 94/334 kBProgress (1): 99/334 kBProgress (1): 103/334 kBProgress (1): 107/334 kBProgress (1): 111/334 kBProgress (1): 116/334 kBProgress (1): 120/334 kBProgress (1): 124/334 kBProgress (1): 128/334 kBProgress (1): 133/334 kBProgress (1): 137/334 kBProgress (1): 141/334 kBProgress (1): 145/334 kBProgress (1): 149/334 kBProgress (1): 154/334 kBProgress (1): 156/334 kBProgress (1): 160/334 kBProgress (1): 164/334 kBProgress (1): 168/334 kBProgress (1): 173/334 kBProgress (1): 177/334 kBProgress (1): 181/334 kBProgress (1): 185/334 kBProgress (1): 189/334 kBProgress (1): 194/334 kBProgress (1): 198/334 kBProgress (1): 202/334 kBProgress (1): 206/334 kBProgress (1): 211/334 kBProgress (1): 227/334 kBProgress (1): 243/334 kBProgress (1): 260/334 kBProgress (1): 276/334 kBProgress (1): 287/334 kBProgress (1): 303/334 kBProgress (2): 303/334 kB | 0.9/29 kBProgress (2): 319/334 kB | 0.9/29 kBProgress (2): 319/334 kB | 2.3/29 kBProgress (2): 319/334 kB | 3.6/29 kBProgress (2): 319/334 kB | 3.7/29 kBProgress (2): 319/334 kB | 5.1/29 kBProgress (2): 319/334 kB | 6.5/29 kBProgress (2): 319/334 kB | 7.8/29 kBProgress (2): 319/334 kB | 9.2/29 kBProgress (2): 319/334 kB | 11/29 kB Progress (2): 334 kB | 11/29 kB    Progress (2): 334 kB | 12/29 kBProgress (2): 334 kB | 16/29 kBProgress (2): 334 kB | 20/29 kBProgress (2): 334 kB | 25/29 kBProgress (2): 334 kB | 29/29 kBProgress (2): 334 kB | 29 kB                               Downloaded from central: https://repo.maven.apache.org/maven2/com/thoughtworks/qdox/qdox/2.0.3/qdox-2.0.3.jar (334 kB at 8.0 MB/s)
Downloading from central: https://repo.maven.apache.org/maven2/org/codehaus/plexus/plexus-compiler-manager/2.15.0/plexus-compiler-manager-2.15.0.jar
Downloaded from central: https://repo.maven.apache.org/maven2/org/codehaus/plexus/plexus-compiler-api/2.15.0/plexus-compiler-api-2.15.0.jar (29 kB at 676 kB/s)
Downloading from central: https://repo.maven.apache.org/maven2/org/codehaus/plexus/plexus-xml/3.0.0/plexus-xml-3.0.0.jar
Progress (1): 16/58 kBProgress (1): 25/58 kBProgress (1): 41/58 kBProgress (1): 57/58 kBProgress (1): 58 kB   Progress (2): 58 kB | 3.7/124 kBProgress (2): 58 kB | 7.9/124 kB                                Downloaded from central: https://repo.maven.apache.org/maven2/org/codehaus/plexus/plexus-java/1.2.0/plexus-java-1.2.0.jar (58 kB at 1.2 MB/s)
Progress (1): 12/124 kB                       Downloading from central: https://repo.maven.apache.org/maven2/org/codehaus/plexus/plexus-compiler-javac/2.15.0/plexus-compiler-javac-2.15.0.jar
Progress (1): 16/124 kBProgress (1): 21/124 kBProgress (1): 25/124 kBProgress (1): 29/124 kBProgress (1): 33/124 kBProgress (1): 38/124 kBProgress (1): 42/124 kBProgress (1): 46/124 kBProgress (1): 50/124 kBProgress (2): 50/124 kB | 7.7/14 kBProgress (2): 50/124 kB | 11/14 kB Progress (2): 50/124 kB | 14 kB   Progress (2): 54/124 kB | 14 kBProgress (2): 59/124 kB | 14 kBProgress (2): 63/124 kB | 14 kBProgress (2): 67/124 kB | 14 kBProgress (2): 71/124 kB | 14 kBProgress (2): 76/124 kB | 14 kB                               Downloaded from central: https://repo.maven.apache.org/maven2/org/apache/maven/shared/maven-shared-incremental/1.1/maven-shared-incremental-1.1.jar (14 kB at 255 kB/s)
Downloading from central: https://repo.maven.apache.org/maven2/org/codehaus/plexus/plexus-utils/4.0.0/plexus-utils-4.0.0.jar
Progress (1): 80/124 kBProgress (1): 84/124 kBProgress (1): 88/124 kBProgress (1): 93/124 kBProgress (1): 97/124 kBProgress (1): 101/124 kBProgress (1): 105/124 kBProgress (1): 109/124 kBProgress (1): 114/124 kBProgress (1): 118/124 kBProgress (1): 118/124 kBProgress (1): 123/124 kBProgress (1): 124 kB                        Downloaded from central: https://repo.maven.apache.org/maven2/org/ow2/asm/asm/9.6/asm-9.6.jar (124 kB at 2.2 MB/s)
Progress (1): 7.7/93 kBProgress (1): 16/93 kB Progress (1): 32/93 kBProgress (1): 49/93 kBProgress (1): 53/93 kBProgress (1): 69/93 kBProgress (1): 86/93 kBProgress (1): 93 kB                      Downloaded from central: https://repo.maven.apache.org/maven2/org/codehaus/plexus/plexus-xml/3.0.0/plexus-xml-3.0.0.jar (93 kB at 1.2 MB/s)
Progress (1): 7.7/192 kBProgress (1): 16/192 kB Progress (1): 32/192 kBProgress (1): 49/192 kBProgress (1): 65/192 kBProgress (1): 81/192 kBProgress (1): 98/192 kBProgress (1): 114/192 kBProgress (1): 131/192 kBProgress (1): 147/192 kBProgress (2): 147/192 kB | 3.8/5.2 kBProgress (2): 147/192 kB | 5.2 kB    Progress (2): 163/192 kB | 5.2 kBProgress (2): 180/192 kB | 5.2 kB                                 Downloaded from central: https://repo.maven.apache.org/maven2/org/codehaus/plexus/plexus-compiler-manager/2.15.0/plexus-compiler-manager-2.15.0.jar (5.2 kB at 59 kB/s)
Progress (1): 192 kB                    Downloaded from central: https://repo.maven.apache.org/maven2/org/codehaus/plexus/plexus-utils/4.0.0/plexus-utils-4.0.0.jar (192 kB at 2.1 MB/s)
Progress (1): 7.7/26 kBProgress (1): 16/26 kB Progress (1): 25/26 kBProgress (1): 26 kB                      Downloaded from central: https://repo.maven.apache.org/maven2/org/codehaus/plexus/plexus-compiler-javac/2.15.0/plexus-compiler-javac-2.15.0.jar (26 kB at 273 kB/s)
[INFO] Recompiling the module because of changed source code.
[INFO] Compiling 1 source file with javac [debug target 21] to target/classes
[INFO] ------------------------------------------------------------------------
[INFO] BUILD SUCCESS
[INFO] ------------------------------------------------------------------------
[INFO] Total time:  5.697 s
[INFO] Finished at: 2025-11-14T00:09:33Z
[INFO] ------------------------------------------------------------------------
[INFO] Scanning for projects...
Downloading from central: https://repo.maven.apache.org/maven2/org/codehaus/mojo/exec-maven-plugin/3.1.0/exec-maven-plugin-3.1.0.pom
Progress (1): 1.1 kBProgress (1): 3.6 kBProgress (1): 6.2 kBProgress (1): 9.4 kBProgress (1): 12 kB Progress (1): 14 kB                   Downloaded from central: https://repo.maven.apache.org/maven2/org/codehaus/mojo/exec-maven-plugin/3.1.0/exec-maven-plugin-3.1.0.pom (14 kB at 38 kB/s)
Downloading from central: https://repo.maven.apache.org/maven2/org/codehaus/mojo/mojo-parent/69/mojo-parent-69.pom
Progress (1): 741 BProgress (1): 1.7 kBProgress (1): 5.4 kBProgress (1): 7.6 kBProgress (1): 9.3 kBProgress (1): 12 kB Progress (1): 16 kBProgress (1): 21 kBProgress (1): 24 kBProgress (1): 25 kBProgress (1): 29 kBProgress (1): 33 kBProgress (1): 35 kB                   Downloaded from central: https://repo.maven.apache.org/maven2/org/codehaus/mojo/mojo-parent/69/mojo-parent-69.pom (35 kB at 681 kB/s)
Downloading from central: https://repo.maven.apache.org/maven2/org/junit/junit-bom/5.8.2/junit-bom-5.8.2.pom
Progress (1): 918 BProgress (1): 2.4 kBProgress (1): 5.6 kB                    Downloaded from central: https://repo.maven.apache.org/maven2/org/junit/junit-bom/5.8.2/junit-bom-5.8.2.pom (5.6 kB at 106 kB/s)
Downloading from central: https://repo.maven.apache.org/maven2/org/codehaus/mojo/exec-maven-plugin/3.1.0/exec-maven-plugin-3.1.0.jar
Progress (1): 0.9/73 kBProgress (1): 2.3/73 kBProgress (1): 3.7/73 kBProgress (1): 3.8/73 kBProgress (1): 5.1/73 kBProgress (1): 6.5/73 kBProgress (1): 7.9/73 kBProgress (1): 9.2/73 kBProgress (1): 11/73 kB Progress (1): 12/73 kBProgress (1): 13/73 kBProgress (1): 15/73 kBProgress (1): 16/73 kBProgress (1): 17/73 kBProgress (1): 19/73 kBProgress (1): 20/73 kBProgress (1): 22/73 kBProgress (1): 23/73 kBProgress (1): 24/73 kBProgress (1): 26/73 kBProgress (1): 27/73 kBProgress (1): 28/73 kBProgress (1): 30/73 kBProgress (1): 31/73 kBProgress (1): 33/73 kBProgress (1): 34/73 kBProgress (1): 35/73 kBProgress (1): 39/73 kBProgress (1): 44/73 kBProgress (1): 48/73 kBProgress (1): 52/73 kBProgress (1): 56/73 kBProgress (1): 61/73 kBProgress (1): 65/73 kBProgress (1): 69/73 kBProgress (1): 73 kB                      Downloaded from central: https://repo.maven.apache.org/maven2/org/codehaus/mojo/exec-maven-plugin/3.1.0/exec-maven-plugin-3.1.0.jar (73 kB at 1.3 MB/s)
[INFO] 
[INFO] --------------------< edu.touro.mcon152:maven-demo >--------------------
[INFO] Building maven-demo 1.0-SNAPSHOT
[INFO]   from pom.xml
[INFO] --------------------------------[ jar ]---------------------------------
[INFO] 
[INFO] --- exec:3.1.0:java (default-cli) @ maven-demo ---
Downloading from central: https://repo.maven.apache.org/maven2/org/codehaus/plexus/plexus-utils/3.4.2/plexus-utils-3.4.2.pom
Progress (1): 720 BProgress (1): 2.3 kBProgress (1): 4.7 kBProgress (1): 8.2 kB                    Downloaded from central: https://repo.maven.apache.org/maven2/org/codehaus/plexus/plexus-utils/3.4.2/plexus-utils-3.4.2.pom (8.2 kB at 175 kB/s)
Downloading from central: https://repo.maven.apache.org/maven2/org/codehaus/plexus/plexus/8/plexus-8.pom
Progress (1): 694 BProgress (1): 2.7 kBProgress (1): 6.4 kBProgress (1): 9.2 kBProgress (1): 11 kB Progress (1): 15 kBProgress (1): 20 kBProgress (1): 24 kBProgress (1): 25 kBProgress (1): 25 kB                   Downloaded from central: https://repo.maven.apache.org/maven2/org/codehaus/plexus/plexus/8/plexus-8.pom (25 kB at 565 kB/s)
Downloading from central: https://repo.maven.apache.org/maven2/org/codehaus/plexus/plexus-component-annotations/2.1.1/plexus-component-annotations-2.1.1.pom
Progress (1): 770 B                   Downloaded from central: https://repo.maven.apache.org/maven2/org/codehaus/plexus/plexus-component-annotations/2.1.1/plexus-component-annotations-2.1.1.pom (770 B at 17 kB/s)
Downloading from central: https://repo.maven.apache.org/maven2/org/codehaus/plexus/plexus-containers/2.1.1/plexus-containers-2.1.1.pom
Progress (1): 1.3 kBProgress (1): 3.2 kBProgress (1): 6.0 kB                    Downloaded from central: https://repo.maven.apache.org/maven2/org/codehaus/plexus/plexus-containers/2.1.1/plexus-containers-2.1.1.pom (6.0 kB at 110 kB/s)
Downloading from central: https://repo.maven.apache.org/maven2/org/codehaus/plexus/plexus/6.5/plexus-6.5.pom
Progress (1): 693 BProgress (1): 2.7 kBProgress (1): 6.4 kBProgress (1): 9.2 kBProgress (1): 11 kB Progress (1): 16 kBProgress (1): 20 kBProgress (1): 24 kBProgress (1): 25 kBProgress (1): 26 kB                   Downloaded from central: https://repo.maven.apache.org/maven2/org/codehaus/plexus/plexus/6.5/plexus-6.5.pom (26 kB at 429 kB/s)
Downloading from central: https://repo.maven.apache.org/maven2/org/apache/commons/commons-exec/1.3/commons-exec-1.3.pom
Progress (1): 786 BProgress (1): 2.3 kBProgress (1): 5.3 kBProgress (1): 7.9 kBProgress (1): 11 kB Progress (1): 11 kB                   Downloaded from central: https://repo.maven.apache.org/maven2/org/apache/commons/commons-exec/1.3/commons-exec-1.3.pom (11 kB at 314 kB/s)
Downloading from central: https://repo.maven.apache.org/maven2/org/apache/commons/commons-parent/35/commons-parent-35.pom
Progress (1): 725 BProgress (1): 2.0 kBProgress (1): 3.4 kBProgress (1): 4.9 kBProgress (1): 8.5 kBProgress (1): 11 kB Progress (1): 15 kBProgress (1): 18 kBProgress (1): 19 kBProgress (1): 22 kBProgress (1): 25 kBProgress (1): 27 kBProgress (1): 31 kBProgress (1): 33 kBProgress (1): 37 kBProgress (1): 44 kBProgress (1): 46 kBProgress (1): 48 kBProgress (1): 51 kBProgress (1): 53 kBProgress (1): 56 kBProgress (1): 57 kBProgress (1): 58 kB                   Downloaded from central: https://repo.maven.apache.org/maven2/org/apache/commons/commons-parent/35/commons-parent-35.pom (58 kB at 1.7 MB/s)
Downloading from central: https://repo.maven.apache.org/maven2/org/apache/apache/15/apache-15.pom
Progress (1): 759 BProgress (1): 2.1 kBProgress (1): 4.0 kBProgress (1): 7.9 kBProgress (1): 11 kB Progress (1): 14 kBProgress (1): 15 kB                   Downloaded from central: https://repo.maven.apache.org/maven2/org/apache/apache/15/apache-15.pom (15 kB at 282 kB/s)
Downloading from central: https://repo.maven.apache.org/maven2/org/codehaus/plexus/plexus-utils/3.4.2/plexus-utils-3.4.2.jar
Progress (1): 3.8/267 kBProgress (1): 8.0/267 kBProgress (1): 12/267 kB Progress (1): 16/267 kBProgress (1): 21/267 kBProgress (1): 37/267 kBProgress (1): 53/267 kBProgress (1): 70/267 kBProgress (1): 86/267 kBProgress (1): 103/267 kBProgress (1): 119/267 kBProgress (1): 129/267 kBProgress (1): 145/267 kBProgress (1): 162/267 kBProgress (1): 178/267 kBProgress (1): 195/267 kBProgress (1): 211/267 kBProgress (1): 227/267 kBProgress (1): 244/267 kBProgress (1): 260/267 kBProgress (1): 267 kB                        Downloaded from central: https://repo.maven.apache.org/maven2/org/codehaus/plexus/plexus-utils/3.4.2/plexus-utils-3.4.2.jar (267 kB at 4.8 MB/s)
Downloading from central: https://repo.maven.apache.org/maven2/org/codehaus/plexus/plexus-component-annotations/2.1.1/plexus-component-annotations-2.1.1.jar
Downloading from central: https://repo.maven.apache.org/maven2/org/apache/commons/commons-exec/1.3/commons-exec-1.3.jar
Progress (1): 4.1 kB                    Downloaded from central: https://repo.maven.apache.org/maven2/org/codehaus/plexus/plexus-component-annotations/2.1.1/plexus-component-annotations-2.1.1.jar (4.1 kB at 105 kB/s)
Progress (1): 0.9/54 kBProgress (1): 2.3/54 kBProgress (1): 3.6/54 kBProgress (1): 5.0/54 kBProgress (1): 6.4/54 kBProgress (1): 7.7/54 kBProgress (1): 9.1/54 kBProgress (1): 10/54 kB Progress (1): 12/54 kBProgress (1): 13/54 kBProgress (1): 15/54 kBProgress (1): 16/54 kBProgress (1): 17/54 kBProgress (1): 19/54 kBProgress (1): 20/54 kBProgress (1): 21/54 kBProgress (1): 23/54 kBProgress (1): 24/54 kBProgress (1): 26/54 kBProgress (1): 27/54 kBProgress (1): 28/54 kBProgress (1): 30/54 kBProgress (1): 31/54 kBProgress (1): 32/54 kBProgress (1): 34/54 kBProgress (1): 35/54 kBProgress (1): 36/54 kBProgress (1): 38/54 kBProgress (1): 39/54 kBProgress (1): 41/54 kBProgress (1): 42/54 kBProgress (1): 43/54 kBProgress (1): 45/54 kBProgress (1): 46/54 kBProgress (1): 47/54 kBProgress (1): 49/54 kBProgress (1): 50/54 kBProgress (1): 52/54 kBProgress (1): 53/54 kBProgress (1): 54/54 kBProgress (1): 54 kB                      Downloaded from central: https://repo.maven.apache.org/maven2/org/apache/commons/commons-exec/1.3/commons-exec-1.3.jar (54 kB at 716 kB/s)
Cap (commons-lang3): Json
[INFO] ------------------------------------------------------------------------
[INFO] BUILD SUCCESS
[INFO] ------------------------------------------------------------------------
[INFO] Total time:  1.657 s
[INFO] Finished at: 2025-11-14T00:09:42Z
[INFO] ------------------------------------------------------------------------
